2023.10.02 12:47:12 INFO  Started: Metals version 1.0.1 in folders '/Users/yonesmussa/Desktop/CSE491/cse_491_fall_2023_group2' for client Visual Studio Code 1.78.2.
Oct 02, 2023 12:47:12 PM org.flywaydb.core.internal.license.VersionPrinter printVersionOnly
INFO: Flyway Community Edition 9.21.2 by Redgate
Oct 02, 2023 12:47:12 PM org.flywaydb.core.internal.license.VersionPrinter printVersion
INFO: See release notes here: https://rd.gt/416ObMi
Oct 02, 2023 12:47:12 PM org.flywaydb.core.internal.license.VersionPrinter printVersion
INFO: 
Oct 02, 2023 12:47:12 PM org.flywaydb.core.FlywayExecutor execute
INFO: Database: jdbc:h2:file:/Users/yonesmussa/Desktop/CSE491/cse_491_fall_2023_group2/.metals/metals (H2 2.1)
Oct 02, 2023 12:47:12 PM org.flywaydb.core.internal.schemahistory.JdbcTableSchemaHistory allAppliedMigrations
INFO: Schema history table "PUBLIC"."flyway_schema_history" does not exist yet
Oct 02, 2023 12:47:12 PM org.flywaydb.core.internal.command.DbValidate validate
INFO: Successfully validated 4 migrations (execution time 00:00.014s)
Oct 02, 2023 12:47:12 PM org.flywaydb.core.internal.schemahistory.JdbcTableSchemaHistory create
INFO: Creating Schema History table "PUBLIC"."flyway_schema_history" ...
Oct 02, 2023 12:47:12 PM org.flywaydb.core.internal.command.DbMigrate migrateGroup
INFO: Current version of schema "PUBLIC": << Empty Schema >>
Oct 02, 2023 12:47:12 PM org.flywaydb.core.internal.command.DbMigrate doMigrateGroup
INFO: Migrating schema "PUBLIC" to version "1 - Create tables"
Oct 02, 2023 12:47:12 PM org.flywaydb.core.internal.command.DbMigrate doMigrateGroup
INFO: Migrating schema "PUBLIC" to version "2 - Server discovery"
Oct 02, 2023 12:47:12 PM org.flywaydb.core.internal.command.DbMigrate doMigrateGroup
INFO: Migrating schema "PUBLIC" to version "3 - Jar symbols"
Oct 02, 2023 12:47:12 PM org.flywaydb.core.internal.command.DbMigrate doMigrateGroup
INFO: Migrating schema "PUBLIC" to version "4 - Fingerprints"
Oct 02, 2023 12:47:12 PM org.flywaydb.core.internal.command.DbMigrate logSummary
INFO: Successfully applied 4 migrations to schema "PUBLIC", now at version v4 (execution time 00:00.013s)
2023.10.02 12:47:12 INFO  time: initialize in 0.48s
2023.10.02 12:47:13 WARN  Build server is not auto-connectable.
2023.10.02 12:47:13 WARN  no build tool detected in workspace '/Users/yonesmussa/Desktop/CSE491/cse_491_fall_2023_group2'. The most common cause for this problem is that the editor was opened in the wrong working directory, for example if you use sbt then the workspace directory should contain build.sbt. 
Oct 02, 2023 12:47:53 PM org.eclipse.lsp4j.jsonrpc.services.GenericEndpoint notify
INFO: Unsupported notification method: $/setTrace
2023.10.02 12:47:56 INFO  Shutting down server
2023.10.02 12:47:56 INFO  shutting down Metals
2023.10.02 12:47:56 INFO  Exiting server
2023.10.02 12:48:40 INFO  Started: Metals version 1.0.1 in folders '/Users/yonesmussa/Desktop/CSE491/cse_491_fall_2023_group2' for client Visual Studio Code 1.78.2.
Oct 02, 2023 12:48:40 PM org.flywaydb.core.internal.license.VersionPrinter printVersionOnly
INFO: Flyway Community Edition 9.21.2 by Redgate
Oct 02, 2023 12:48:40 PM org.flywaydb.core.internal.license.VersionPrinter printVersion
INFO: See release notes here: https://rd.gt/416ObMi
Oct 02, 2023 12:48:40 PM org.flywaydb.core.internal.license.VersionPrinter printVersion
INFO: 
Oct 02, 2023 12:48:41 PM org.flywaydb.core.FlywayExecutor execute
INFO: Database: jdbc:h2:file:/Users/yonesmussa/Desktop/CSE491/cse_491_fall_2023_group2/.metals/metals (H2 2.1)
Oct 02, 2023 12:48:41 PM org.flywaydb.core.internal.command.DbValidate validate
INFO: Successfully validated 4 migrations (execution time 00:00.017s)
Oct 02, 2023 12:48:41 PM org.flywaydb.core.internal.command.DbMigrate migrateGroup
INFO: Current version of schema "PUBLIC": 4
Oct 02, 2023 12:48:41 PM org.flywaydb.core.internal.command.DbMigrate logSummary
INFO: Schema "PUBLIC" is up to date. No migration necessary.
2023.10.02 12:48:41 INFO  time: initialize in 0.46s
2023.10.02 12:48:42 WARN  Build server is not auto-connectable.
2023.10.02 12:48:42 WARN  no build tool detected in workspace '/Users/yonesmussa/Desktop/CSE491/cse_491_fall_2023_group2'. The most common cause for this problem is that the editor was opened in the wrong working directory, for example if you use sbt then the workspace directory should contain build.sbt. 
Oct 02, 2023 1:35:30 PM org.eclipse.lsp4j.jsonrpc.services.GenericEndpoint notify
INFO: Unsupported notification method: $/setTrace
